<?xml version="1.0" encoding="UTF-8"?>
<!-- Generated by org.testng.reporters.JUnitXMLReporter -->
<testsuite ignored="0" hostname="BLLGOPALREDDY" failures="1" tests="12" name="Test" time="112.186" errors="0" timestamp="2024-05-31T13:12:57 IST">
  <testcase classname="com.advaita.TestCreate.TestStagesCreate" name="verifyProcessCreate" time="10.29"/>
  <testcase classname="com.advaita.TestCreate.TestStagesCreate" name="verifyCreateDataset" time="43.874"/>
  <testcase classname="com.advaita.TestCreate.TestStagesCreate" name="verifyCreateMetaData" time="31.488"/>
  <testcase classname="com.advaita.TestCreate.TestStagesCreate" name="navigateFetchRecord" time="9.262"/>
  <testcase classname="com.advaita.TestCreate.TestStagesCreate" name="VerifyStagesTabIsDisplayed" time="0.049"/>
  <testcase classname="com.advaita.TestCreate.TestStagesCreate" name="verifyCreateStagesButton" time="0.928"/>
  <testcase classname="com.advaita.TestCreate.TestStagesCreate" name="verifyStageNameTextBox" time="0.141"/>
  <testcase classname="com.advaita.TestCreate.TestStagesCreate" name="verifyStageSelectProcessDropDown" time="1.232"/>
  <testcase classname="com.advaita.TestCreate.TestStagesCreate" name="verifyStageSelectSubProcessDropDown" time="1.193"/>
  <testcase classname="com.advaita.TestCreate.TestStagesCreate" name="verifyStageSelectSubSubProcessDropDown" time="1.174"/>
  <testcase classname="com.advaita.TestCreate.TestStagesCreate" name="verifyStageCalculationTypeDropDown" time="0.162"/>
  <testcase classname="com.advaita.TestCreate.TestStagesCreate" name="verifyAddSectionA" time="2.029">
    <failure type="java.lang.AssertionError" message="expected [true] but found [false]">
      <![CDATA[java.lang.AssertionError: expected [true] but found [false]
at com.advaita.WorkFlowDesign.PageObject.Stages.verifyAddSectionA(Stages.java:319)
at com.advaita.TestCreate.TestStagesCreate.verifyAddSectionA(TestStagesCreate.java:174)
at java.base/java.util.ArrayList.forEach(ArrayList.java:1596)
... Removed 29 stack frames]]>
    </failure>
  </testcase> <!-- verifyAddSectionA -->
</testsuite> <!-- Test -->
