<?xml version="1.0" encoding="UTF-8"?>
<!-- Generated by org.testng.reporters.JUnitReportReporter -->
<testsuite hostname="BLLGOPALREDDY" failures="1" tests="12" name="com.advaita.TestCase.VerifyStagesCreate" time="182.049" errors="0" timestamp="2024-05-29T11:13:07 IST" skipped="0">
  <testcase classname="com.advaita.TestCase.VerifyStagesCreate" name="verifyProcessCreate" time="21.474"/>
  <testcase classname="com.advaita.TestCase.VerifyStagesCreate" name="verifyCreateDataset" time="64.945"/>
  <testcase classname="com.advaita.TestCase.VerifyStagesCreate" name="verifyCreateMetaData" time="41.592"/>
  <testcase classname="com.advaita.TestCase.VerifyStagesCreate" name="navigateFetchRecord" time="25.222"/>
  <testcase classname="com.advaita.TestCase.VerifyStagesCreate" name="VerifyStagesTabIsDisplayed" time="2.116"/>
  <testcase classname="com.advaita.TestCase.VerifyStagesCreate" name="verifyCreateStagesButton" time="6.239"/>
  <testcase classname="com.advaita.TestCase.VerifyStagesCreate" name="verifyStageNameTextBox" time="2.250"/>
  <testcase classname="com.advaita.TestCase.VerifyStagesCreate" name="verifyStageSelectProcessDropDown" time="4.272"/>
  <testcase classname="com.advaita.TestCase.VerifyStagesCreate" name="verifyStageSelectSubProcessDropDown" time="3.157"/>
  <testcase classname="com.advaita.TestCase.VerifyStagesCreate" name="verifyStageSelectSubSubProcessDropDown" time="3.632"/>
  <testcase classname="com.advaita.TestCase.VerifyStagesCreate" name="verifyStageCalculationTypeDropDown" time="2.175"/>
  <testcase classname="com.advaita.TestCase.VerifyStagesCreate" name="verifyAddSectionA" time="4.975">
    <failure message="expected [true] but found [false]" type="java.lang.AssertionError">
      <![CDATA[java.lang.AssertionError: expected [true] but found [false]
at org.testng.Assert.fail(Assert.java:111)
at org.testng.Assert.failNotEquals(Assert.java:1578)
at org.testng.Assert.assertTrue(Assert.java:57)
at org.testng.Assert.assertTrue(Assert.java:67)
at com.advaita.WorkFlowDesign.PageObject.Stages.verifyAddSectionA(Stages.java:320)
at com.advaita.TestCase.VerifyStagesCreate.verifyAddSectionA(VerifyStagesCreate.java:171)
at java.base/jdk.internal.reflect.DirectMethodHandleAccessor.invoke(DirectMethodHandleAccessor.java:103)
at java.base/java.lang.reflect.Method.invoke(Method.java:580)
at org.testng.internal.invokers.MethodInvocationHelper.invokeMethod(MethodInvocationHelper.java:139)
at org.testng.internal.invokers.TestInvoker.invokeMethod(TestInvoker.java:664)
at org.testng.internal.invokers.TestInvoker.invokeTestMethod(TestInvoker.java:228)
at org.testng.internal.invokers.MethodRunner.runInSequence(MethodRunner.java:63)
at org.testng.internal.invokers.TestInvoker$MethodInvocationAgent.invoke(TestInvoker.java:961)
at org.testng.internal.invokers.TestInvoker.invokeTestMethods(TestInvoker.java:201)
at org.testng.internal.invokers.TestMethodWorker.invokeTestMethods(TestMethodWorker.java:148)
at org.testng.internal.invokers.TestMethodWorker.run(TestMethodWorker.java:128)
at java.base/java.util.ArrayList.forEach(ArrayList.java:1596)
at org.testng.TestRunner.privateRun(TestRunner.java:819)
at org.testng.TestRunner.run(TestRunner.java:619)
at org.testng.SuiteRunner.runTest(SuiteRunner.java:443)
at org.testng.SuiteRunner.runSequentially(SuiteRunner.java:437)
at org.testng.SuiteRunner.privateRun(SuiteRunner.java:397)
at org.testng.SuiteRunner.run(SuiteRunner.java:336)
at org.testng.SuiteRunnerWorker.runSuite(SuiteRunnerWorker.java:52)
at org.testng.SuiteRunnerWorker.run(SuiteRunnerWorker.java:95)
at org.testng.TestNG.runSuitesSequentially(TestNG.java:1301)
at org.testng.TestNG.runSuitesLocally(TestNG.java:1228)
at org.testng.TestNG.runSuites(TestNG.java:1134)
at org.testng.TestNG.run(TestNG.java:1101)
at org.testng.remote.AbstractRemoteTestNG.run(AbstractRemoteTestNG.java:115)
at org.testng.remote.RemoteTestNG.initAndRun(RemoteTestNG.java:251)
at org.testng.remote.RemoteTestNG.main(RemoteTestNG.java:77)
]]>
    </failure>
  </testcase> <!-- verifyAddSectionA -->
</testsuite> <!-- com.advaita.TestCase.VerifyStagesCreate -->
