<<<<<<< HEAD
<?xml version="1.0" encoding="UTF-8"?>
<!-- Generated by org.testng.reporters.JUnitReportReporter -->
<testsuite hostname="BLLGOPALREDDY" failures="0" tests="6" name="com.advaita.TestCreate.TestMasterMenusCreate" time="0.106" errors="1" timestamp="2024-07-18T14:37:14 IST" skipped="5">
  <testcase classname="com.advaita.TestCreate.TestMasterMenusCreate" name="setUp" time="0.106">
    <error message="&#039;org.openqa.selenium.manager.SeleniumManagerOutput$Result org.openqa.selenium.remote.service.DriverFinder.getPath(org.openqa.selenium.remote.service.DriverService, org.openqa.selenium.Capabilities)&#039;" type="java.lang.NoSuchMethodError">
      <![CDATA[java.lang.NoSuchMethodError: 'org.openqa.selenium.manager.SeleniumManagerOutput$Result org.openqa.selenium.remote.service.DriverFinder.getPath(org.openqa.selenium.remote.service.DriverService, org.openqa.selenium.Capabilities)'
at org.openqa.selenium.chrome.ChromeDriver.generateExecutor(ChromeDriver.java:100)
at org.openqa.selenium.chrome.ChromeDriver.<init>(ChromeDriver.java:89)
at org.openqa.selenium.chrome.ChromeDriver.<init>(ChromeDriver.java:84)
at org.openqa.selenium.chrome.ChromeDriver.<init>(ChromeDriver.java:73)
at com.advaita.BaseClass.TestBase.initialization(TestBase.java:50)
at com.advaita.TestCreate.TestMasterMenusCreate.setUp(TestMasterMenusCreate.java:41)
at java.base/jdk.internal.reflect.DirectMethodHandleAccessor.invoke(DirectMethodHandleAccessor.java:103)
at java.base/java.lang.reflect.Method.invoke(Method.java:580)
at org.testng.internal.MethodInvocationHelper.invokeMethod(MethodInvocationHelper.java:133)
at org.testng.internal.MethodInvocationHelper.invokeMethodConsideringTimeout(MethodInvocationHelper.java:62)
at org.testng.internal.ConfigInvoker.invokeConfigurationMethod(ConfigInvoker.java:385)
at org.testng.internal.ConfigInvoker.invokeConfigurations(ConfigInvoker.java:321)
at org.testng.TestRunner.invokeTestConfigurations(TestRunner.java:637)
at org.testng.TestRunner.beforeRun(TestRunner.java:627)
at org.testng.TestRunner.run(TestRunner.java:589)
at org.testng.SuiteRunner.runTest(SuiteRunner.java:377)
at org.testng.SuiteRunner.runSequentially(SuiteRunner.java:371)
at org.testng.SuiteRunner.privateRun(SuiteRunner.java:332)
at org.testng.SuiteRunner.run(SuiteRunner.java:276)
at org.testng.SuiteRunnerWorker.runSuite(SuiteRunnerWorker.java:53)
at org.testng.SuiteRunnerWorker.run(SuiteRunnerWorker.java:96)
at org.testng.TestNG.runSuitesSequentially(TestNG.java:1212)
at org.testng.TestNG.runSuitesLocally(TestNG.java:1134)
at org.testng.TestNG.runSuites(TestNG.java:1063)
at org.testng.TestNG.run(TestNG.java:1031)
at org.testng.remote.AbstractRemoteTestNG.run(AbstractRemoteTestNG.java:115)
at org.testng.remote.RemoteTestNG.initAndRun(RemoteTestNG.java:251)
at org.testng.remote.RemoteTestNG.main(RemoteTestNG.java:77)
]]>
    </error>
  </testcase> <!-- setUp -->
  <system-out/>
  <testcase classname="com.advaita.TestCreate.TestMasterMenusCreate" name="verifyNavigateToMasterMenus" time="0.000">
    <skipped/>
  </testcase> <!-- verifyNavigateToMasterMenus -->
  <system-out/>
  <testcase classname="com.advaita.TestCreate.TestMasterMenusCreate" name="verifyCreateMasterMenusButton" time="0.000">
    <skipped/>
  </testcase> <!-- verifyCreateMasterMenusButton -->
  <system-out/>
  <testcase classname="com.advaita.TestCreate.TestMasterMenusCreate" name="verifyMasterFormDropDown" time="0.000">
    <skipped/>
  </testcase> <!-- verifyMasterFormDropDown -->
  <system-out/>
  <testcase classname="com.advaita.TestCreate.TestMasterMenusCreate" name="verifyMenuNameField" time="0.000">
    <skipped/>
  </testcase> <!-- verifyMenuNameField -->
  <system-out/>
  <testcase classname="com.advaita.TestCreate.TestMasterMenusCreate" name="verifyMasterMenuSaveButton" time="0.000">
    <skipped/>
  </testcase> <!-- verifyMasterMenuSaveButton -->
  <system-out/>
</testsuite> <!-- com.advaita.TestCreate.TestMasterMenusCreate -->
=======
<?xml version="1.0" encoding="UTF-8"?>
<!-- Generated by org.testng.reporters.JUnitReportReporter -->
<testsuite hostname="BLLGOPALREDDY" failures="0" tests="6" name="com.advaita.TestCreate.TestMasterMenusCreate" time="0.106" errors="1" timestamp="2024-07-18T14:37:14 IST" skipped="5">
  <testcase classname="com.advaita.TestCreate.TestMasterMenusCreate" name="setUp" time="0.106">
    <error message="&#039;org.openqa.selenium.manager.SeleniumManagerOutput$Result org.openqa.selenium.remote.service.DriverFinder.getPath(org.openqa.selenium.remote.service.DriverService, org.openqa.selenium.Capabilities)&#039;" type="java.lang.NoSuchMethodError">
      <![CDATA[java.lang.NoSuchMethodError: 'org.openqa.selenium.manager.SeleniumManagerOutput$Result org.openqa.selenium.remote.service.DriverFinder.getPath(org.openqa.selenium.remote.service.DriverService, org.openqa.selenium.Capabilities)'
at org.openqa.selenium.chrome.ChromeDriver.generateExecutor(ChromeDriver.java:100)
at org.openqa.selenium.chrome.ChromeDriver.<init>(ChromeDriver.java:89)
at org.openqa.selenium.chrome.ChromeDriver.<init>(ChromeDriver.java:84)
at org.openqa.selenium.chrome.ChromeDriver.<init>(ChromeDriver.java:73)
at com.advaita.BaseClass.TestBase.initialization(TestBase.java:50)
at com.advaita.TestCreate.TestMasterMenusCreate.setUp(TestMasterMenusCreate.java:41)
at java.base/jdk.internal.reflect.DirectMethodHandleAccessor.invoke(DirectMethodHandleAccessor.java:103)
at java.base/java.lang.reflect.Method.invoke(Method.java:580)
at org.testng.internal.MethodInvocationHelper.invokeMethod(MethodInvocationHelper.java:133)
at org.testng.internal.MethodInvocationHelper.invokeMethodConsideringTimeout(MethodInvocationHelper.java:62)
at org.testng.internal.ConfigInvoker.invokeConfigurationMethod(ConfigInvoker.java:385)
at org.testng.internal.ConfigInvoker.invokeConfigurations(ConfigInvoker.java:321)
at org.testng.TestRunner.invokeTestConfigurations(TestRunner.java:637)
at org.testng.TestRunner.beforeRun(TestRunner.java:627)
at org.testng.TestRunner.run(TestRunner.java:589)
at org.testng.SuiteRunner.runTest(SuiteRunner.java:377)
at org.testng.SuiteRunner.runSequentially(SuiteRunner.java:371)
at org.testng.SuiteRunner.privateRun(SuiteRunner.java:332)
at org.testng.SuiteRunner.run(SuiteRunner.java:276)
at org.testng.SuiteRunnerWorker.runSuite(SuiteRunnerWorker.java:53)
at org.testng.SuiteRunnerWorker.run(SuiteRunnerWorker.java:96)
at org.testng.TestNG.runSuitesSequentially(TestNG.java:1212)
at org.testng.TestNG.runSuitesLocally(TestNG.java:1134)
at org.testng.TestNG.runSuites(TestNG.java:1063)
at org.testng.TestNG.run(TestNG.java:1031)
at org.testng.remote.AbstractRemoteTestNG.run(AbstractRemoteTestNG.java:115)
at org.testng.remote.RemoteTestNG.initAndRun(RemoteTestNG.java:251)
at org.testng.remote.RemoteTestNG.main(RemoteTestNG.java:77)
]]>
    </error>
  </testcase> <!-- setUp -->
  <system-out/>
  <testcase classname="com.advaita.TestCreate.TestMasterMenusCreate" name="verifyNavigateToMasterMenus" time="0.000">
    <skipped/>
  </testcase> <!-- verifyNavigateToMasterMenus -->
  <system-out/>
  <testcase classname="com.advaita.TestCreate.TestMasterMenusCreate" name="verifyCreateMasterMenusButton" time="0.000">
    <skipped/>
  </testcase> <!-- verifyCreateMasterMenusButton -->
  <system-out/>
  <testcase classname="com.advaita.TestCreate.TestMasterMenusCreate" name="verifyMasterFormDropDown" time="0.000">
    <skipped/>
  </testcase> <!-- verifyMasterFormDropDown -->
  <system-out/>
  <testcase classname="com.advaita.TestCreate.TestMasterMenusCreate" name="verifyMenuNameField" time="0.000">
    <skipped/>
  </testcase> <!-- verifyMenuNameField -->
  <system-out/>
  <testcase classname="com.advaita.TestCreate.TestMasterMenusCreate" name="verifyMasterMenuSaveButton" time="0.000">
    <skipped/>
  </testcase> <!-- verifyMasterMenuSaveButton -->
  <system-out/>
</testsuite> <!-- com.advaita.TestCreate.TestMasterMenusCreate -->
>>>>>>> a4f565925a2e10e89de894cc7ce41bbe513466f4
